  Compiling CUDA source file cunn.cu...
  Compiling CUDA source file cu_utility.cu...
  Compiling CUDA source file kernel.cu...
  Compiling CUDA source file main.cu...
  
  C:\Users\TMOko\Documents\Programming\586C-Project\CUDA586\CUDA586
  
  >"C:\Program Files\NVIDIA GPU Computing Toolkit\CUDA\v12.6\bin\nvcc.exe" -gencode=arch=compute_52,code=\"sm_52,compute_52\" --use-local-env -ccbin "C:\Program Files\Microsoft Visual Studio\2022\Community\VC\Tools\MSVC\14.41.34120\bin\HostX64\x64" -x cu   -I"C:\Program Files\NVIDIA GPU Computing Toolkit\CUDA\v12.6\include" -I"C:\Program Files\NVIDIA GPU Computing Toolkit\CUDA\v12.6\include"  -G   --keep-dir x64\Debug  -maxrregcount=0   --machine 64 --compile -cudart static  -g  -DWIN32 -DWIN64 -D_DEBUG -D_CONSOLE -D_MBCS -Xcompiler "/EHsc /W3 /nologo /Od /FS /Zi /RTC1 /MDd " -Xcompiler "/Fdx64\Debug\vc143.pdb" -o C:\Users\TMOko\Documents\Programming\586C-Project\CUDA586\CUDA586\x64\Debug\cu_utility.cu.obj "C:\Users\TMOko\Documents\Programming\586C-Project\CUDA586\CUDA586\cu_utility.cu" 
  C:\Users\TMOko\Documents\Programming\586C-Project\CUDA586\CUDA586
  >"C:\Program Files\NVIDIA GPU Computing Toolkit\CUDA\v12.6\bin\nvcc.exe" -gencode=arch=compute_52,code=\"sm_52,compute_52\" --use-local-env -ccbin "C:\Program Files\Microsoft Visual Studio\2022\Community\VC\Tools\MSVC\14.41.34120\bin\HostX64\x64" -x cu   -I"C:\Program Files\NVIDIA GPU Computing Toolkit\CUDA\v12.6\include" -I"C:\Program Files\NVIDIA GPU Computing Toolkit\CUDA\v12.6\include"  -G   --keep-dir x64\Debug  -maxrregcount=0   --machine 64 --compile -cudart static  -g  -DWIN32 -DWIN64 -D_DEBUG -D_CONSOLE -D_MBCS -Xcompiler "/EHsc /W3 /nologo /Od /FS /Zi /RTC1 /MDd " -Xcompiler "/Fdx64\Debug\vc143.pdb" -o C:\Users\TMOko\Documents\Programming\586C-Project\CUDA586\CUDA586\x64\Debug\cunn.cu.obj "C:\Users\TMOko\Documents\Programming\586C-Project\CUDA586\CUDA586\cunn.cu" 
  
  
  C:\Users\TMOko\Documents\Programming\586C-Project\CUDA586\CUDA586
  C:\Users\TMOko\Documents\Programming\586C-Project\CUDA586\CUDA586
  >"C:\Program Files\NVIDIA GPU Computing Toolkit\CUDA\v12.6\bin\nvcc.exe" -gencode=arch=compute_52,code=\"sm_52,compute_52\" --use-local-env -ccbin "C:\Program Files\Microsoft Visual Studio\2022\Community\VC\Tools\MSVC\14.41.34120\bin\HostX64\x64" -x cu   -I"C:\Program Files\NVIDIA GPU Computing Toolkit\CUDA\v12.6\include" -I"C:\Program Files\NVIDIA GPU Computing Toolkit\CUDA\v12.6\include"  -G   --keep-dir x64\Debug  -maxrregcount=0   --machine 64 --compile -cudart static  -g  -DWIN32 -DWIN64 -D_DEBUG -D_CONSOLE -D_MBCS -Xcompiler "/EHsc /W3 /nologo /Od /FS /Zi /RTC1 /MDd " -Xcompiler "/Fdx64\Debug\vc143.pdb" -o C:\Users\TMOko\Documents\Programming\586C-Project\CUDA586\CUDA586\x64\Debug\kernel.cu.obj "C:\Users\TMOko\Documents\Programming\586C-Project\CUDA586\CUDA586\kernel.cu" 
  >"C:\Program Files\NVIDIA GPU Computing Toolkit\CUDA\v12.6\bin\nvcc.exe" -gencode=arch=compute_52,code=\"sm_52,compute_52\" --use-local-env -ccbin "C:\Program Files\Microsoft Visual Studio\2022\Community\VC\Tools\MSVC\14.41.34120\bin\HostX64\x64" -x cu   -I"C:\Program Files\NVIDIA GPU Computing Toolkit\CUDA\v12.6\include" -I"C:\Program Files\NVIDIA GPU Computing Toolkit\CUDA\v12.6\include"  -G   --keep-dir x64\Debug  -maxrregcount=0   --machine 64 --compile -cudart static  -g  -DWIN32 -DWIN64 -D_DEBUG -D_CONSOLE -D_MBCS -Xcompiler "/EHsc /W3 /nologo /Od /FS /Zi /RTC1 /MDd " -Xcompiler "/Fdx64\Debug\vc143.pdb" -o C:\Users\TMOko\Documents\Programming\586C-Project\CUDA586\CUDA586\x64\Debug\main.cu.obj "C:\Users\TMOko\Documents\Programming\586C-Project\CUDA586\CUDA586\main.cu" 
  kernel.cu
  cu_utility.cu
  cunn.cu
  tmpxft_00005a90_00000000-7_kernel.cudafe1.cpp
  tmpxft_00001c90_00000000-7_cu_utility.cudafe1.cpp
C:\Users\TMOko\Documents\Programming\586C-Project\CUDA586\CUDA586\cu_utility.cu(103): warning C4267: 'initializing': conversion from 'size_t' to 'int', possible loss of data
C:\Users\TMOko\Documents\Programming\586C-Project\CUDA586\CUDA586\cu_utility.cu(132): warning C4267: 'initializing': conversion from 'size_t' to 'int', possible loss of data
C:\Users\TMOko\Documents\Programming\586C-Project\CUDA586\CUDA586\cu_utility.cu(156): warning C4267: 'initializing': conversion from 'size_t' to 'int', possible loss of data
C:\Users\TMOko\Documents\Programming\586C-Project\CUDA586\CUDA586\cu_utility.cu(188): warning C4267: 'initializing': conversion from 'size_t' to 'int', possible loss of data
C:\Users\TMOko\Documents\Programming\586C-Project\CUDA586\CUDA586\cu_utility.cu(189): warning C4267: 'initializing': conversion from 'size_t' to 'int', possible loss of data
C:\Users\TMOko\Documents\Programming\586C-Project\CUDA586\CUDA586\cu_utility.cu(228): warning C4267: 'initializing': conversion from 'size_t' to 'int', possible loss of data
C:\Users\TMOko\Documents\Programming\586C-Project\CUDA586\CUDA586\cu_utility.cu(229): warning C4267: 'initializing': conversion from 'size_t' to 'int', possible loss of data
  tmpxft_00001bd0_00000000-7_cunn.cudafe1.cpp
C:\Users\TMOko\Documents\Programming\586C-Project\CUDA586\CUDA586\cunn.cu(4): warning C4267: '=': conversion from 'size_t' to 'int', possible loss of data
C:\Users\TMOko\Documents\Programming\586C-Project\CUDA586\CUDA586\cunn.cu(37): warning C4244: 'return': conversion from 'double' to 'float', possible loss of data
C:\Users\TMOko\Documents\Programming\586C-Project\CUDA586\CUDA586\cunn.cu(40): warning C4244: 'return': conversion from 'double' to 'float', possible loss of data
C:\Users\TMOko\Documents\Programming\586C-Project\CUDA586\CUDA586\cunn.cu(61): warning C4267: 'initializing': conversion from 'size_t' to 'int', possible loss of data
C:\Users\TMOko\Documents\Programming\586C-Project\CUDA586\CUDA586\cunn.cu(65): warning C4244: 'argument': conversion from 'const _Ty' to 'const int', possible loss of data
          with
          [
              _Ty=float
          ]
C:\Users\TMOko\Documents\Programming\586C-Project\CUDA586\CUDA586\cunn.cu(134): warning C4267: 'initializing': conversion from 'size_t' to 'int', possible loss of data
C:\Users\TMOko\Documents\Programming\586C-Project\CUDA586\CUDA586\cunn.cu(135): warning C4267: 'initializing': conversion from 'size_t' to 'int', possible loss of data
  main.cu
  tmpxft_00005b08_00000000-7_main.cudafe1.cpp
  test.cpp
  utility.cpp
  Generating Code...
     Creating library C:\Users\TMOko\Documents\Programming\586C-Project\CUDA586\x64\Debug\CUDA586.lib and object C:\Users\TMOko\Documents\Programming\586C-Project\CUDA586\x64\Debug\CUDA586.exp
LINK : warning LNK4098: defaultlib 'LIBCMT' conflicts with use of other libs; use /NODEFAULTLIB:library
  CUDA586.vcxproj -> C:\Users\TMOko\Documents\Programming\586C-Project\CUDA586\x64\Debug\CUDA586.exe
