  Compiling CUDA source file cunn.cu...
  Compiling CUDA source file kernel.cu...
  Compiling CUDA source file main.cu...
  Compiling CUDA source file cu_utility.cu...
  
  C:\Users\TMOko\Documents\Programming\586C-Project\CUDA586\CUDA586
  >"C:\Program Files\NVIDIA GPU Computing Toolkit\CUDA\v12.6\bin\nvcc.exe" -gencode=arch=compute_52,code=\"sm_52,compute_52\" --use-local-env -ccbin "C:\Program Files\Microsoft Visual Studio\2022\Community\VC\Tools\MSVC\14.41.34120\bin\HostX64\x64" -x cu   -I"C:\Program Files\NVIDIA GPU Computing Toolkit\CUDA\v12.6\include" -I"C:\Program Files\NVIDIA GPU Computing Toolkit\CUDA\v12.6\include"     --keep-dir x64\Release  -maxrregcount=0   --machine 64 --compile -cudart static    -DWIN32 -DWIN64 -DNDEBUG -D_CONSOLE -D_MBCS -Xcompiler "/EHsc /W3 /nologo /O2 /FS   /MD " -Xcompiler "/Fdx64\Release\vc143.pdb" -o C:\Users\TMOko\Documents\Programming\586C-Project\CUDA586\CUDA586\x64\Release\main.cu.obj "C:\Users\TMOko\Documents\Programming\586C-Project\CUDA586\CUDA586\main.cu" 
  
  C:\Users\TMOko\Documents\Programming\586C-Project\CUDA586\CUDA586
  >"C:\Program Files\NVIDIA GPU Computing Toolkit\CUDA\v12.6\bin\nvcc.exe" -gencode=arch=compute_52,code=\"sm_52,compute_52\" --use-local-env -ccbin "C:\Program Files\Microsoft Visual Studio\2022\Community\VC\Tools\MSVC\14.41.34120\bin\HostX64\x64" -x cu   -I"C:\Program Files\NVIDIA GPU Computing Toolkit\CUDA\v12.6\include" -I"C:\Program Files\NVIDIA GPU Computing Toolkit\CUDA\v12.6\include"     --keep-dir x64\Release  -maxrregcount=0   --machine 64 --compile -cudart static    -DWIN32 -DWIN64 -DNDEBUG -D_CONSOLE -D_MBCS -Xcompiler "/EHsc /W3 /nologo /O2 /FS   /MD " -Xcompiler "/Fdx64\Release\vc143.pdb" -o C:\Users\TMOko\Documents\Programming\586C-Project\CUDA586\CUDA586\x64\Release\kernel.cu.obj "C:\Users\TMOko\Documents\Programming\586C-Project\CUDA586\CUDA586\kernel.cu" 
  
  C:\Users\TMOko\Documents\Programming\586C-Project\CUDA586\CUDA586
  >"C:\Program Files\NVIDIA GPU Computing Toolkit\CUDA\v12.6\bin\nvcc.exe" -gencode=arch=compute_52,code=\"sm_52,compute_52\" --use-local-env -ccbin "C:\Program Files\Microsoft Visual Studio\2022\Community\VC\Tools\MSVC\14.41.34120\bin\HostX64\x64" -x cu   -I"C:\Program Files\NVIDIA GPU Computing Toolkit\CUDA\v12.6\include" -I"C:\Program Files\NVIDIA GPU Computing Toolkit\CUDA\v12.6\include"     --keep-dir x64\Release  -maxrregcount=0   --machine 64 --compile -cudart static    -DWIN32 -DWIN64 -DNDEBUG -D_CONSOLE -D_MBCS -Xcompiler "/EHsc /W3 /nologo /O2 /FS   /MD " -Xcompiler "/Fdx64\Release\vc143.pdb" -o C:\Users\TMOko\Documents\Programming\586C-Project\CUDA586\CUDA586\x64\Release\cunn.cu.obj "C:\Users\TMOko\Documents\Programming\586C-Project\CUDA586\CUDA586\cunn.cu" 
  
  C:\Users\TMOko\Documents\Programming\586C-Project\CUDA586\CUDA586
  >"C:\Program Files\NVIDIA GPU Computing Toolkit\CUDA\v12.6\bin\nvcc.exe" -gencode=arch=compute_52,code=\"sm_52,compute_52\" --use-local-env -ccbin "C:\Program Files\Microsoft Visual Studio\2022\Community\VC\Tools\MSVC\14.41.34120\bin\HostX64\x64" -x cu   -I"C:\Program Files\NVIDIA GPU Computing Toolkit\CUDA\v12.6\include" -I"C:\Program Files\NVIDIA GPU Computing Toolkit\CUDA\v12.6\include"     --keep-dir x64\Release  -maxrregcount=0   --machine 64 --compile -cudart static    -DWIN32 -DWIN64 -DNDEBUG -D_CONSOLE -D_MBCS -Xcompiler "/EHsc /W3 /nologo /O2 /FS   /MD " -Xcompiler "/Fdx64\Release\vc143.pdb" -o C:\Users\TMOko\Documents\Programming\586C-Project\CUDA586\CUDA586\x64\Release\cu_utility.cu.obj "C:\Users\TMOko\Documents\Programming\586C-Project\CUDA586\CUDA586\cu_utility.cu" 
  kernel.cu
  tmpxft_00000edc_00000000-7_kernel.cudafe1.cpp
  cu_utility.cu
  cunn.cu
  tmpxft_00002ac8_00000000-7_cu_utility.cudafe1.cpp
C:\Users\TMOko\Documents\Programming\586C-Project\CUDA586\CUDA586\cu_utility.cu(103): warning C4267: 'initializing': conversion from 'size_t' to 'int', possible loss of data
C:\Users\TMOko\Documents\Programming\586C-Project\CUDA586\CUDA586\cu_utility.cu(132): warning C4267: 'initializing': conversion from 'size_t' to 'int', possible loss of data
C:\Users\TMOko\Documents\Programming\586C-Project\CUDA586\CUDA586\cu_utility.cu(156): warning C4267: 'initializing': conversion from 'size_t' to 'int', possible loss of data
C:\Users\TMOko\Documents\Programming\586C-Project\CUDA586\CUDA586\cu_utility.cu(188): warning C4267: 'initializing': conversion from 'size_t' to 'int', possible loss of data
C:\Users\TMOko\Documents\Programming\586C-Project\CUDA586\CUDA586\cu_utility.cu(189): warning C4267: 'initializing': conversion from 'size_t' to 'int', possible loss of data
C:\Users\TMOko\Documents\Programming\586C-Project\CUDA586\CUDA586\cu_utility.cu(228): warning C4267: 'initializing': conversion from 'size_t' to 'int', possible loss of data
C:\Users\TMOko\Documents\Programming\586C-Project\CUDA586\CUDA586\cu_utility.cu(229): warning C4267: 'initializing': conversion from 'size_t' to 'int', possible loss of data
  tmpxft_000039d4_00000000-7_cunn.cudafe1.cpp
C:\Users\TMOko\Documents\Programming\586C-Project\CUDA586\CUDA586\cunn.cu(4): warning C4267: '=': conversion from 'size_t' to 'int', possible loss of data
C:\Users\TMOko\Documents\Programming\586C-Project\CUDA586\CUDA586\cunn.cu(37): warning C4244: 'return': conversion from 'double' to 'float', possible loss of data
C:\Users\TMOko\Documents\Programming\586C-Project\CUDA586\CUDA586\cunn.cu(40): warning C4244: 'return': conversion from 'double' to 'float', possible loss of data
C:\Users\TMOko\Documents\Programming\586C-Project\CUDA586\CUDA586\cunn.cu(61): warning C4267: 'initializing': conversion from 'size_t' to 'int', possible loss of data
C:\Users\TMOko\Documents\Programming\586C-Project\CUDA586\CUDA586\cunn.cu(65): warning C4244: 'argument': conversion from 'const _Ty' to 'const int', possible loss of data
          with
          [
              _Ty=float
          ]
C:\Users\TMOko\Documents\Programming\586C-Project\CUDA586\CUDA586\cunn.cu(134): warning C4267: 'initializing': conversion from 'size_t' to 'int', possible loss of data
C:\Users\TMOko\Documents\Programming\586C-Project\CUDA586\CUDA586\cunn.cu(135): warning C4267: 'initializing': conversion from 'size_t' to 'int', possible loss of data
  main.cu
  tmpxft_00005824_00000000-7_main.cudafe1.cpp
  test.cpp
  utility.cpp
     Creating library C:\Users\TMOko\Documents\Programming\586C-Project\CUDA586\x64\Release\CUDA586.lib and object C:\Users\TMOko\Documents\Programming\586C-Project\CUDA586\x64\Release\CUDA586.exp
  Previous IPDB was built with incompatible compiler, fall back to full compilation.
LINK : warning LNK4098: defaultlib 'LIBCMT' conflicts with use of other libs; use /NODEFAULTLIB:library
  Generating code
  All 1830 functions were compiled because no usable IPDB/IOBJ from previous compilation was found.
  Finished generating code
  CUDA586.vcxproj -> C:\Users\TMOko\Documents\Programming\586C-Project\CUDA586\x64\Release\CUDA586.exe
